01/29/2025 12:19:40 - INFO - __main__ - Reading config file
01/29/2025 12:19:40 - INFO - __main__ - Running training for the following target images directories:
01/29/2025 12:19:40 - INFO - __main__ - positive
01/29/2025 12:19:40 - INFO - __main__ - negative
01/29/2025 12:19:40 - INFO - __main__ - Running training for positive
01/29/2025 12:19:40 - INFO - __main__ - Target images directory path: /work/ai4bio2023/ai4bio_obaldoni/PatchCamelyon/data/positive
01/29/2025 12:19:40 - INFO - __main__ - Target images directory: positive
01/29/2025 12:19:40 - INFO - __main__ - Embeddings output directory: /work/ai4bio2023/ai4bio_obaldoni/PatchCamelyon/textual_inversion_embeds/positive
01/29/2025 12:19:40 - INFO - __main__ - Generated images directory: /work/ai4bio2023/ai4bio_obaldoni/PatchCamelyon/generated_data/positive
01/29/2025 12:19:40 - INFO - __main__ - Model name: runwayml/stable-diffusion-v1-5
01/29/2025 12:19:40 - INFO - __main__ - Placeholder token: pcam_pos
01/29/2025 12:19:40 - INFO - __main__ - Initializer token: positive
01/29/2025 12:19:40 - INFO - __main__ - Hyperparameters: {'resolution': 512, 'train_batch_size': 1, 'gradient_accumulation_steps': 4, 'max_train_steps': 2000, 'learning_rate': 0.0005, 'lr_scheduler': 'constant', 'lr_warmup_steps': 0, 'num_inference_steps': 50, 'guidance_scale': 7.5, 'seed': 42}
01/29/2025 12:19:40 - INFO - __main__ - Running training for negative
01/29/2025 12:19:40 - INFO - __main__ - Target images directory path: /work/ai4bio2023/ai4bio_obaldoni/PatchCamelyon/data/negative
01/29/2025 12:19:40 - INFO - __main__ - Target images directory: negative
01/29/2025 12:19:40 - INFO - __main__ - Embeddings output directory: /work/ai4bio2023/ai4bio_obaldoni/PatchCamelyon/textual_inversion_embeds/negative
01/29/2025 12:19:40 - INFO - __main__ - Generated images directory: /work/ai4bio2023/ai4bio_obaldoni/PatchCamelyon/generated_data/negative
01/29/2025 12:19:40 - INFO - __main__ - Model name: runwayml/stable-diffusion-v1-5
01/29/2025 12:19:40 - INFO - __main__ - Placeholder token: pcam_neg
01/29/2025 12:19:40 - INFO - __main__ - Initializer token: negative
01/29/2025 12:19:40 - INFO - __main__ - Hyperparameters: {'resolution': 512, 'train_batch_size': 1, 'gradient_accumulation_steps': 4, 'max_train_steps': 2000, 'learning_rate': 0.0005, 'lr_scheduler': 'constant', 'lr_warmup_steps': 0, 'num_inference_steps': 50, 'guidance_scale': 7.5, 'seed': 42}
01/29/2025 12:19:58 - INFO - __main__ - Reading config file
01/29/2025 12:19:58 - INFO - __main__ - Running training for the following target images directories:
01/29/2025 12:19:58 - INFO - __main__ - positive
01/29/2025 12:19:58 - INFO - __main__ - negative
01/29/2025 12:19:58 - INFO - __main__ - Running training for positive
01/29/2025 12:19:58 - INFO - __main__ - Target images directory path: /work/ai4bio2023/ai4bio_obaldoni/PatchCamelyon/data/positive
01/29/2025 12:19:58 - INFO - __main__ - Target images directory: positive
01/29/2025 12:19:58 - INFO - __main__ - Embeddings output directory: /work/ai4bio2023/ai4bio_obaldoni/PatchCamelyon/textual_inversion_embeds/positive
01/29/2025 12:19:58 - INFO - __main__ - Generated images directory: /work/ai4bio2023/ai4bio_obaldoni/PatchCamelyon/generated_data/positive
01/29/2025 12:19:58 - INFO - __main__ - Model name: runwayml/stable-diffusion-v1-5
01/29/2025 12:19:58 - INFO - __main__ - Placeholder token: pcam_pos
01/29/2025 12:19:58 - INFO - __main__ - Initializer token: positive
01/29/2025 12:19:58 - INFO - __main__ - Hyperparameters: {'resolution': 512, 'train_batch_size': 1, 'gradient_accumulation_steps': 4, 'max_train_steps': 2000, 'learning_rate': 0.0005, 'lr_scheduler': 'constant', 'lr_warmup_steps': 0, 'num_inference_steps': 50, 'guidance_scale': 7.5, 'seed': 42}
01/29/2025 12:19:58 - INFO - __main__ - Running training for negative
01/29/2025 12:19:58 - INFO - __main__ - Target images directory path: /work/ai4bio2023/ai4bio_obaldoni/PatchCamelyon/data/negative
01/29/2025 12:19:58 - INFO - __main__ - Target images directory: negative
01/29/2025 12:19:58 - INFO - __main__ - Embeddings output directory: /work/ai4bio2023/ai4bio_obaldoni/PatchCamelyon/textual_inversion_embeds/negative
01/29/2025 12:19:58 - INFO - __main__ - Generated images directory: /work/ai4bio2023/ai4bio_obaldoni/PatchCamelyon/generated_data/negative
01/29/2025 12:19:58 - INFO - __main__ - Model name: runwayml/stable-diffusion-v1-5
01/29/2025 12:19:58 - INFO - __main__ - Placeholder token: pcam_neg
01/29/2025 12:19:58 - INFO - __main__ - Initializer token: negative
01/29/2025 12:19:58 - INFO - __main__ - Hyperparameters: {'resolution': 512, 'train_batch_size': 1, 'gradient_accumulation_steps': 4, 'max_train_steps': 2000, 'learning_rate': 0.0005, 'lr_scheduler': 'constant', 'lr_warmup_steps': 0, 'num_inference_steps': 50, 'guidance_scale': 7.5, 'seed': 42}
01/29/2025 12:37:58 - INFO - __main__ - Reading config file
01/29/2025 12:37:58 - INFO - __main__ - Running training for the following target images directories:
01/29/2025 12:37:58 - INFO - __main__ - positive
01/29/2025 12:37:58 - INFO - __main__ - negative
01/29/2025 12:37:58 - INFO - __main__ - Running training for positive
01/29/2025 12:37:58 - INFO - __main__ - Target images directory path: /work/ai4bio2023/ai4bio_obaldoni/PatchCamelyon/data/positive
01/29/2025 12:37:58 - INFO - __main__ - Target images directory name: positive
01/29/2025 12:37:58 - INFO - __main__ - Embeddings output directory: /work/ai4bio2023/ai4bio_obaldoni/PatchCamelyon/textual_inversion_embeds/positive
01/29/2025 12:37:58 - INFO - __main__ - Generated images directory: /work/ai4bio2023/ai4bio_obaldoni/PatchCamelyon/generated_data/positive
01/29/2025 12:37:58 - INFO - __main__ - Model name: runwayml/stable-diffusion-v1-5
01/29/2025 12:37:58 - INFO - __main__ - Initializer token: positive
01/29/2025 12:37:58 - INFO - __main__ - Placeholder token: <pcam_pos>
01/29/2025 12:37:58 - INFO - __main__ - Hyperparameters: {'resolution': 512, 'train_batch_size': 1, 'gradient_accumulation_steps': 4, 'max_train_steps': 2000, 'learning_rate': 0.0005, 'lr_scheduler': 'constant', 'lr_warmup_steps': 0, 'num_inference_steps': 50, 'guidance_scale': 7.5, 'seed': 42}
01/29/2025 12:37:58 - INFO - __main__ - Running training for negative
01/29/2025 12:37:58 - INFO - __main__ - Target images directory path: /work/ai4bio2023/ai4bio_obaldoni/PatchCamelyon/data/negative
01/29/2025 12:37:58 - INFO - __main__ - Target images directory name: negative
01/29/2025 12:37:58 - INFO - __main__ - Embeddings output directory: /work/ai4bio2023/ai4bio_obaldoni/PatchCamelyon/textual_inversion_embeds/negative
01/29/2025 12:37:58 - INFO - __main__ - Generated images directory: /work/ai4bio2023/ai4bio_obaldoni/PatchCamelyon/generated_data/negative
01/29/2025 12:37:58 - INFO - __main__ - Model name: runwayml/stable-diffusion-v1-5
01/29/2025 12:37:58 - INFO - __main__ - Initializer token: negative
01/29/2025 12:37:58 - INFO - __main__ - Placeholder token: <pcam_neg>
01/29/2025 12:37:58 - INFO - __main__ - Hyperparameters: {'resolution': 512, 'train_batch_size': 1, 'gradient_accumulation_steps': 4, 'max_train_steps': 2000, 'learning_rate': 0.0005, 'lr_scheduler': 'constant', 'lr_warmup_steps': 0, 'num_inference_steps': 50, 'guidance_scale': 7.5, 'seed': 42}
01/29/2025 12:38:22 - INFO - __main__ - Reading config file
01/29/2025 12:38:22 - INFO - __main__ - Running training for the following target images directories:
01/29/2025 12:38:22 - INFO - __main__ - positive
01/29/2025 12:38:22 - INFO - __main__ - negative
01/29/2025 12:38:22 - INFO - __main__ - Running training for positive
01/29/2025 12:38:22 - INFO - __main__ - Target images directory path: /work/ai4bio2023/ai4bio_obaldoni/PatchCamelyon/data/positive
01/29/2025 12:38:22 - INFO - __main__ - Target images directory name: positive
01/29/2025 12:38:22 - INFO - __main__ - Embeddings output directory: /work/ai4bio2023/ai4bio_obaldoni/PatchCamelyon/textual_inversion_embeds/positive
01/29/2025 12:38:22 - INFO - __main__ - Generated images directory: /work/ai4bio2023/ai4bio_obaldoni/PatchCamelyon/generated_data/positive
01/29/2025 12:38:22 - INFO - __main__ - Model name: runwayml/stable-diffusion-v1-5
01/29/2025 12:38:22 - INFO - __main__ - Initializer token: positive
01/29/2025 12:38:22 - INFO - __main__ - Placeholder token: <pcam_pos>
01/29/2025 12:38:22 - INFO - __main__ - Hyperparameters: {'resolution': 512, 'train_batch_size': 1, 'gradient_accumulation_steps': 4, 'max_train_steps': 2000, 'learning_rate': 0.0005, 'lr_scheduler': 'constant', 'lr_warmup_steps': 0, 'num_inference_steps': 50, 'guidance_scale': 7.5, 'seed': 42}
01/29/2025 12:38:22 - INFO - __main__ - Running training for negative
01/29/2025 12:38:22 - INFO - __main__ - Target images directory path: /work/ai4bio2023/ai4bio_obaldoni/PatchCamelyon/data/negative
01/29/2025 12:38:22 - INFO - __main__ - Target images directory name: negative
01/29/2025 12:38:22 - INFO - __main__ - Embeddings output directory: /work/ai4bio2023/ai4bio_obaldoni/PatchCamelyon/textual_inversion_embeds/negative
01/29/2025 12:38:22 - INFO - __main__ - Generated images directory: /work/ai4bio2023/ai4bio_obaldoni/PatchCamelyon/generated_data/negative
01/29/2025 12:38:22 - INFO - __main__ - Model name: runwayml/stable-diffusion-v1-5
01/29/2025 12:38:22 - INFO - __main__ - Initializer token: negative
01/29/2025 12:38:22 - INFO - __main__ - Placeholder token: <pcam_neg>
01/29/2025 12:38:22 - INFO - __main__ - Hyperparameters: {'resolution': 512, 'train_batch_size': 1, 'gradient_accumulation_steps': 4, 'max_train_steps': 2000, 'learning_rate': 0.0005, 'lr_scheduler': 'constant', 'lr_warmup_steps': 0, 'num_inference_steps': 50, 'guidance_scale': 7.5, 'seed': 42}
01/29/2025 12:40:12 - INFO - __main__ - Reading config file
01/29/2025 12:40:12 - INFO - __main__ - Running training for the following target images directories:
01/29/2025 12:40:12 - INFO - __main__ - positive
01/29/2025 12:40:12 - INFO - __main__ - negative
01/29/2025 12:40:12 - INFO - __main__ - Running training for positive
01/29/2025 12:40:12 - INFO - __main__ - Target images directory path: /work/ai4bio2023/ai4bio_obaldoni/PatchCamelyon/data/positive
01/29/2025 12:40:12 - INFO - __main__ - Target images directory name: positive
01/29/2025 12:40:12 - INFO - __main__ - Embeddings output directory: /work/ai4bio2023/ai4bio_obaldoni/PatchCamelyon/textual_inversion_embeds/positive
01/29/2025 12:40:12 - INFO - __main__ - Generated images directory: /work/ai4bio2023/ai4bio_obaldoni/PatchCamelyon/generated_data/positive
01/29/2025 12:40:12 - INFO - __main__ - Model name: runwayml/stable-diffusion-v1-5
01/29/2025 12:40:12 - INFO - __main__ - Initializer token: positive
01/29/2025 12:40:12 - INFO - __main__ - Placeholder token: <pcam_pos>
01/29/2025 12:40:12 - INFO - __main__ - Hyperparameters: {'resolution': 512, 'train_batch_size': 1, 'gradient_accumulation_steps': 4, 'max_train_steps': 2000, 'learning_rate': 0.0005, 'lr_scheduler': 'constant', 'lr_warmup_steps': 0, 'num_inference_steps': 50, 'guidance_scale': 7.5, 'seed': 42}
01/29/2025 12:40:12 - INFO - __main__ - Running training for negative
01/29/2025 12:40:12 - INFO - __main__ - Target images directory path: /work/ai4bio2023/ai4bio_obaldoni/PatchCamelyon/data/negative
01/29/2025 12:40:12 - INFO - __main__ - Target images directory name: negative
01/29/2025 12:40:12 - INFO - __main__ - Embeddings output directory: /work/ai4bio2023/ai4bio_obaldoni/PatchCamelyon/textual_inversion_embeds/negative
01/29/2025 12:40:12 - INFO - __main__ - Generated images directory: /work/ai4bio2023/ai4bio_obaldoni/PatchCamelyon/generated_data/negative
01/29/2025 12:40:12 - INFO - __main__ - Model name: runwayml/stable-diffusion-v1-5
01/29/2025 12:40:12 - INFO - __main__ - Initializer token: negative
01/29/2025 12:40:12 - INFO - __main__ - Placeholder token: <pcam_neg>
01/29/2025 12:40:12 - INFO - __main__ - Hyperparameters: {'resolution': 512, 'train_batch_size': 1, 'gradient_accumulation_steps': 4, 'max_train_steps': 2000, 'learning_rate': 0.0005, 'lr_scheduler': 'constant', 'lr_warmup_steps': 0, 'num_inference_steps': 50, 'guidance_scale': 7.5, 'seed': 42}
01/29/2025 12:50:58 - INFO - __main__ - Reading config file
01/29/2025 12:50:58 - INFO - __main__ - Running training for the following target images directories:
01/29/2025 12:50:58 - INFO - __main__ - positive
01/29/2025 12:50:58 - INFO - __main__ - negative
01/29/2025 12:50:58 - INFO - __main__ - Running training for positive
01/29/2025 12:50:58 - INFO - __main__ - Target images directory path: /work/ai4bio2023/ai4bio_obaldoni/PatchCamelyon/data/positive
01/29/2025 12:50:58 - INFO - __main__ - Target images directory name: positive
01/29/2025 12:50:58 - INFO - __main__ - Embeddings output directory: /work/ai4bio2023/ai4bio_obaldoni/PatchCamelyon/textual_inversion_embeds/positive
01/29/2025 12:50:58 - INFO - __main__ - Generated images directory: /work/ai4bio2023/ai4bio_obaldoni/PatchCamelyon/generated_data/positive
01/29/2025 12:50:58 - INFO - __main__ - Model name: runwayml/stable-diffusion-v1-5
01/29/2025 12:50:58 - INFO - __main__ - Initializer token: positive
01/29/2025 12:50:58 - INFO - __main__ - Placeholder token: <pcam_pos>
01/29/2025 12:50:58 - INFO - __main__ - Hyperparameters: {'resolution': 512, 'train_batch_size': 1, 'gradient_accumulation_steps': 4, 'max_train_steps': 2000, 'learning_rate': 0.0005, 'lr_scheduler': 'constant', 'lr_warmup_steps': 0, 'num_inference_steps': 50, 'guidance_scale': 7.5, 'seed': 42}
01/29/2025 12:50:58 - INFO - __main__ - Training failed
01/29/2025 12:50:58 - INFO - __main__ - Running training for negative
01/29/2025 12:50:58 - INFO - __main__ - Target images directory path: /work/ai4bio2023/ai4bio_obaldoni/PatchCamelyon/data/negative
01/29/2025 12:50:58 - INFO - __main__ - Target images directory name: negative
01/29/2025 12:50:58 - INFO - __main__ - Embeddings output directory: /work/ai4bio2023/ai4bio_obaldoni/PatchCamelyon/textual_inversion_embeds/negative
01/29/2025 12:50:58 - INFO - __main__ - Generated images directory: /work/ai4bio2023/ai4bio_obaldoni/PatchCamelyon/generated_data/negative
01/29/2025 12:50:58 - INFO - __main__ - Model name: runwayml/stable-diffusion-v1-5
01/29/2025 12:50:58 - INFO - __main__ - Initializer token: negative
01/29/2025 12:50:58 - INFO - __main__ - Placeholder token: <pcam_neg>
01/29/2025 12:50:58 - INFO - __main__ - Hyperparameters: {'resolution': 512, 'train_batch_size': 1, 'gradient_accumulation_steps': 4, 'max_train_steps': 2000, 'learning_rate': 0.0005, 'lr_scheduler': 'constant', 'lr_warmup_steps': 0, 'num_inference_steps': 50, 'guidance_scale': 7.5, 'seed': 42}
01/29/2025 12:50:58 - INFO - __main__ - Training failed
01/29/2025 12:54:25 - INFO - __main__ - Reading config file
01/29/2025 12:54:25 - INFO - __main__ - Running training for the following target images directories:
01/29/2025 12:54:25 - INFO - __main__ - positive
01/29/2025 12:54:25 - INFO - __main__ - negative
01/29/2025 12:54:25 - INFO - __main__ - Running training for positive
01/29/2025 12:54:25 - INFO - __main__ - Target images directory path: /work/ai4bio2023/ai4bio_obaldoni/PatchCamelyon/data/positive
01/29/2025 12:54:25 - INFO - __main__ - Target images directory name: positive
01/29/2025 12:54:25 - INFO - __main__ - Embeddings output directory: /work/ai4bio2023/ai4bio_obaldoni/PatchCamelyon/textual_inversion_embeds/positive
01/29/2025 12:54:25 - INFO - __main__ - Generated images directory: /work/ai4bio2023/ai4bio_obaldoni/PatchCamelyon/generated_data/positive
01/29/2025 12:54:25 - INFO - __main__ - Model name: runwayml/stable-diffusion-v1-5
01/29/2025 12:54:25 - INFO - __main__ - Initializer token: positive
01/29/2025 12:54:25 - INFO - __main__ - Placeholder token: <pcam_pos>
01/29/2025 12:54:25 - INFO - __main__ - Hyperparameters: {'resolution': 512, 'train_batch_size': 1, 'gradient_accumulation_steps': 4, 'max_train_steps': 2000, 'learning_rate': 0.0005, 'lr_scheduler': 'constant', 'lr_warmup_steps': 0, 'num_inference_steps': 50, 'guidance_scale': 7.5, 'seed': 42}
